Wed Apr 23 21:13:10 2014 swamp_gpsd: Setting baud rate to 4800
Wed Apr 23 21:13:11 2014 swamp_gpsd: Using GPS device/dev/ttyUSB0
Wed Apr 23 21:21:34 2014 swamp_gpsd: Setting baud rate to 4800
Wed Apr 23 21:21:35 2014 swamp_gpsd: Using GPS device/dev/ttyUSB0
Wed Apr 23 21:24:23 2014 ------------- started swamp -----------------
Wed Apr 23 21:24:23 2014 swamp: Error: /home/sonic/sonic-bike/maps/sonicmap.json does not exist
Wed Apr 23 21:24:23 2014 swamp: Exiting
Wed Apr 23 21:55:02 2014 ------------- started swamp -----------------
Wed Apr 23 21:55:02 2014 swamp: Error: /home/sonic/sonic-bike/maps/sonicmap.json does not exist
Wed Apr 23 21:55:02 2014 swamp: Exiting
Wed Apr 23 21:56:27 2014 ------------- started swamp -----------------
Wed Apr 23 21:56:27 2014 swamp: Error: /home/sonic/sonic-bike/tests/maps/sonicmap.json does not exist
Wed Apr 23 21:56:27 2014 swamp: Exiting
Wed Apr 23 21:57:04 2014 ------------- started swamp -----------------
Wed Apr 23 21:57:04 2014 ERROR - map check failed to find: /home/sonic/sonic-bike/tests/sound/1_Adrien_Ganda.wav
Wed Apr 23 21:57:04 2014 ERROR - map check failed to find: /home/sonic/sonic-bike/tests/sound/2_Adrien_RiverUnder.wav
Wed Apr 23 21:57:04 2014 ERROR - map check failed to find: /home/sonic/sonic-bike/tests/sound/3_Adrien_Gracht.wav
Wed Apr 23 21:57:04 2014 ERROR - map check failed to find: /home/sonic/sonic-bike/tests/sound/4_Ducks_munching.wav
Wed Apr 23 21:57:04 2014 ERROR - map check failed to find: /home/sonic/sonic-bike/tests/sound/7_PingPingHi.wav
Wed Apr 23 21:57:04 2014 ERROR - map check failed to find: /home/sonic/sonic-bike/tests/sound/9_Swamp_mud.wav
Wed Apr 23 21:57:04 2014 ERROR - map check failed to find: /home/sonic/sonic-bike/tests/sound/5_WaterUnder1.wav
Wed Apr 23 21:57:04 2014 ERROR - map check failed to find: /home/sonic/sonic-bike/tests/sound/6_WaterUnder2.wav
Wed Apr 23 21:57:04 2014 ERROR - map check failed to find: /home/sonic/sonic-bike/tests/sound/8_HouseWaterPump_Gaps.wav
Wed Apr 23 21:57:04 2014 swamp_playd started
Wed Apr 23 21:57:04 2014 swamp_gpsd started
Wed Apr 23 21:57:04 2014 waiting for gpsd
Wed Apr 23 21:57:04 2014 swamp_gpsd: Setting baud rate to 4800
Wed Apr 23 21:57:04 2014 swamp_gpsd: Using GPS device/dev/ttyUSB0
Wed Apr 23 22:12:46 2014 ------------- started swamp -----------------
Wed Apr 23 22:12:46 2014 swamp_playd started
Wed Apr 23 22:12:46 2014 swamp_gpsd started
Wed Apr 23 22:12:46 2014 waiting for gpsd
Wed Apr 23 22:12:46 2014 swamp_gpsd: Setting baud rate to 4800
Wed Apr 23 22:12:46 2014 swamp_gpsd: Using GPS device/dev/ttyUSB0
Wed Apr 23 21:53:04 2014 ------------- started swamp -----------------
Wed Apr 23 21:53:04 2014 swamp: No GPS device...
Wed Apr 23 21:53:09 2014 swamp: No GPS device...
Wed Apr 23 21:53:13 2014 swamp: No GPS device...
Wed Apr 23 21:53:14 2014 swamp: No GPS device...
Wed Apr 23 21:53:15 2014 swamp: No GPS device...
Wed Apr 23 21:53:16 2014 swamp: No GPS device...
Wed Apr 23 21:53:17 2014 swamp: No GPS device...
